{"service":"user-service","level":"info","message":"Request served"}
{"service":"user-service","level":"info","message":"Request served"}
{"message":"New user joined, id: r2Cp8pWfeLIjoF4iAAAA, nickname: w","level":"info","service":"user-service"}
{"service":"user-service","level":"info","message":"Request served"}
{"message":"User w sent a message \"w\" at 2020-9-28-11-8-38. Socket Id: r2Cp8pWfeLIjoF4iAAAA","level":"info","service":"user-service"}
{"message":"User nickname: w, with Id: r2Cp8pWfeLIjoF4iAAAA disconnected ","level":"info","service":"user-service"}
{"message":"Shutting down on SIGINT","level":"info","service":"user-service"}
{"service":"user-service","level":"info","message":"Request served"}
{"service":"user-service","level":"info","message":"Request served"}
{"message":"New user joined, id: xFJXqPo3aBz631ULAAAA, nickname: wa","level":"info","service":"user-service"}
{"service":"user-service","level":"info","message":"Request served"}
{"message":"User wa sent a message \"dasda\" at 2020-9-28-11-30-47. Socket Id: xFJXqPo3aBz631ULAAAA","level":"info","service":"user-service"}
{"message":"User wa sent a message \"asd\" at 2020-9-28-11-30-47. Socket Id: xFJXqPo3aBz631ULAAAA","level":"info","service":"user-service"}
{"message":"User wa sent a message \"asd\" at 2020-9-28-11-30-48. Socket Id: xFJXqPo3aBz631ULAAAA","level":"info","service":"user-service"}
{"message":"User wa sent a message \"as\" at 2020-9-28-11-30-48. Socket Id: xFJXqPo3aBz631ULAAAA","level":"info","service":"user-service"}
{"message":"User wa sent a message \"da\" at 2020-9-28-11-30-48. Socket Id: xFJXqPo3aBz631ULAAAA","level":"info","service":"user-service"}
{"message":"User wa sent a message \"ds\" at 2020-9-28-11-30-48. Socket Id: xFJXqPo3aBz631ULAAAA","level":"info","service":"user-service"}
{"message":"User wa sent a message \"ad\" at 2020-9-28-11-30-48. Socket Id: xFJXqPo3aBz631ULAAAA","level":"info","service":"user-service"}
{"message":"User wa sent a message \"a\" at 2020-9-28-11-30-49. Socket Id: xFJXqPo3aBz631ULAAAA","level":"info","service":"user-service"}
{"message":"User nickname: wa, with Id: xFJXqPo3aBz631ULAAAA disconnected ","level":"info","service":"user-service"}
{"service":"user-service","level":"info","message":"Request served"}
{"service":"user-service","level":"info","message":"Request served"}
{"message":"New user joined, id: _xCvymsToVZqPte-AAAB, nickname: asdfas","level":"info","service":"user-service"}
{"service":"user-service","level":"info","message":"Request served"}
{"message":"User asdfas sent a message \"asdf\" at 2020-9-28-11-30-52. Socket Id: _xCvymsToVZqPte-AAAB","level":"info","service":"user-service"}
{"message":"User asdfas sent a message \"a\" at 2020-9-28-11-30-53. Socket Id: _xCvymsToVZqPte-AAAB","level":"info","service":"user-service"}
{"message":"User asdfas sent a message \"dfa\" at 2020-9-28-11-30-53. Socket Id: _xCvymsToVZqPte-AAAB","level":"info","service":"user-service"}
{"message":"User asdfas sent a message \"sdfa\" at 2020-9-28-11-30-53. Socket Id: _xCvymsToVZqPte-AAAB","level":"info","service":"user-service"}
{"message":"User asdfas sent a message \"sdf\" at 2020-9-28-11-30-53. Socket Id: _xCvymsToVZqPte-AAAB","level":"info","service":"user-service"}
{"message":"User nickname: asdfas, with Id: _xCvymsToVZqPte-AAAB disconnected ","level":"info","service":"user-service"}
{"service":"user-service","level":"info","message":"Request served"}
{"service":"user-service","level":"info","message":"Request served"}
{"message":"New user joined, id: hm0qCYsQEHpSAmFqAAAC, nickname: as","level":"info","service":"user-service"}
{"service":"user-service","level":"info","message":"Request served"}
{"message":"User as sent a message \"a\" at 2020-9-28-11-31-5. Socket Id: hm0qCYsQEHpSAmFqAAAC","level":"info","service":"user-service"}
{"message":"User nickname: as, with Id: hm0qCYsQEHpSAmFqAAAC disconnected ","level":"info","service":"user-service"}
{"service":"user-service","level":"info","message":"Request served"}
{"service":"user-service","level":"info","message":"Request served"}
{"message":"New user joined, id: 2hLgvZB9iPWvamWNAAAD, nickname: a","level":"info","service":"user-service"}
{"service":"user-service","level":"info","message":"Request served"}
{"message":"User a sent a message \"asd\" at 2020-9-28-11-31-8. Socket Id: 2hLgvZB9iPWvamWNAAAD","level":"info","service":"user-service"}
{"message":"User a sent a message \"asd\" at 2020-9-28-11-31-8. Socket Id: 2hLgvZB9iPWvamWNAAAD","level":"info","service":"user-service"}
{"message":"User a sent a message \"dsas\" at 2020-9-28-11-31-9. Socket Id: 2hLgvZB9iPWvamWNAAAD","level":"info","service":"user-service"}
{"message":"User a sent a message \"ds\" at 2020-9-28-11-31-9. Socket Id: 2hLgvZB9iPWvamWNAAAD","level":"info","service":"user-service"}
{"message":"User a sent a message \"dfa\" at 2020-9-28-11-31-9. Socket Id: 2hLgvZB9iPWvamWNAAAD","level":"info","service":"user-service"}
{"message":"User a sent a message \"sdfsa\" at 2020-9-28-11-31-10. Socket Id: 2hLgvZB9iPWvamWNAAAD","level":"info","service":"user-service"}
{"message":"User a sent a message \"dfs\" at 2020-9-28-11-31-10. Socket Id: 2hLgvZB9iPWvamWNAAAD","level":"info","service":"user-service"}
{"message":"User a sent a message \"dfa\" at 2020-9-28-11-31-10. Socket Id: 2hLgvZB9iPWvamWNAAAD","level":"info","service":"user-service"}
{"message":"User a sent a message \"sdfa\" at 2020-9-28-11-31-11. Socket Id: 2hLgvZB9iPWvamWNAAAD","level":"info","service":"user-service"}
{"message":"User a sent a message \"dsfas\" at 2020-9-28-11-31-11. Socket Id: 2hLgvZB9iPWvamWNAAAD","level":"info","service":"user-service"}
{"message":"User a sent a message \"df\" at 2020-9-28-11-31-11. Socket Id: 2hLgvZB9iPWvamWNAAAD","level":"info","service":"user-service"}
{"message":"User a sent a message \"sdfa\" at 2020-9-28-11-31-12. Socket Id: 2hLgvZB9iPWvamWNAAAD","level":"info","service":"user-service"}
{"message":"User a sent a message \"sdffa\" at 2020-9-28-11-31-12. Socket Id: 2hLgvZB9iPWvamWNAAAD","level":"info","service":"user-service"}
{"message":"User a sent a message \"sdfa\" at 2020-9-28-11-31-12. Socket Id: 2hLgvZB9iPWvamWNAAAD","level":"info","service":"user-service"}
{"message":"User a sent a message \"sdfa\" at 2020-9-28-11-31-13. Socket Id: 2hLgvZB9iPWvamWNAAAD","level":"info","service":"user-service"}
{"message":"User a sent a message \"sdffa\" at 2020-9-28-11-31-13. Socket Id: 2hLgvZB9iPWvamWNAAAD","level":"info","service":"user-service"}
{"message":"User a sent a message \"sdfa\" at 2020-9-28-11-31-13. Socket Id: 2hLgvZB9iPWvamWNAAAD","level":"info","service":"user-service"}
{"message":"User a sent a message \"sdfa\" at 2020-9-28-11-31-13. Socket Id: 2hLgvZB9iPWvamWNAAAD","level":"info","service":"user-service"}
{"message":"User a sent a message \"sdfa\" at 2020-9-28-11-31-14. Socket Id: 2hLgvZB9iPWvamWNAAAD","level":"info","service":"user-service"}
{"message":"User a sent a message \"sdfas\" at 2020-9-28-11-31-14. Socket Id: 2hLgvZB9iPWvamWNAAAD","level":"info","service":"user-service"}
{"message":"User a sent a message \"dfas\" at 2020-9-28-11-31-14. Socket Id: 2hLgvZB9iPWvamWNAAAD","level":"info","service":"user-service"}
{"message":"User a sent a message \"fas\" at 2020-9-28-11-31-15. Socket Id: 2hLgvZB9iPWvamWNAAAD","level":"info","service":"user-service"}
{"message":"User a sent a message \"dfasd\" at 2020-9-28-11-31-15. Socket Id: 2hLgvZB9iPWvamWNAAAD","level":"info","service":"user-service"}
{"message":"User a sent a message \"fasdf\" at 2020-9-28-11-31-15. Socket Id: 2hLgvZB9iPWvamWNAAAD","level":"info","service":"user-service"}
{"message":"User a sent a message \"fasdf\" at 2020-9-28-11-31-16. Socket Id: 2hLgvZB9iPWvamWNAAAD","level":"info","service":"user-service"}
{"message":"User a sent a message \"adf\" at 2020-9-28-11-31-16. Socket Id: 2hLgvZB9iPWvamWNAAAD","level":"info","service":"user-service"}
{"message":"User a sent a message \"adf\" at 2020-9-28-11-31-16. Socket Id: 2hLgvZB9iPWvamWNAAAD","level":"info","service":"user-service"}
{"message":"User a sent a message \"fads\" at 2020-9-28-11-31-17. Socket Id: 2hLgvZB9iPWvamWNAAAD","level":"info","service":"user-service"}
{"message":"User a sent a message \"a\" at 2020-9-28-11-31-17. Socket Id: 2hLgvZB9iPWvamWNAAAD","level":"info","service":"user-service"}
{"message":"User nickname: a, with Id: 2hLgvZB9iPWvamWNAAAD disconnected ","level":"info","service":"user-service"}
{"message":"Shutting down on SIGINT","level":"info","service":"user-service"}
{"service":"user-service","level":"info","message":"Request served"}
{"service":"user-service","level":"info","message":"Request served"}
{"message":"New user joined, id: FRWAQlMK1wVTWVQjAAAA, nickname: aa","level":"info","service":"user-service"}
{"service":"user-service","level":"info","message":"Request served"}
{"message":"User nickname: aa, with Id: FRWAQlMK1wVTWVQjAAAA disconnected ","level":"info","service":"user-service"}
{"service":"user-service","level":"info","message":"Request served"}
{"service":"user-service","level":"info","message":"Request served"}
{"message":"New user joined, id: YRfTLWmfpEX7x9pHAAAB, nickname: asd","level":"info","service":"user-service"}
{"service":"user-service","level":"info","message":"Request served"}
{"message":"User nickname: asd, with Id: YRfTLWmfpEX7x9pHAAAB disconnected ","level":"info","service":"user-service"}
{"message":"Shutting down on SIGINT","level":"info","service":"user-service"}
{"service":"user-service","level":"info","message":"Request served"}
{"service":"user-service","level":"info","message":"Request served"}
{"message":"New user joined, id: qOoO6VhM71ZQy-VEAAAA, nickname: nick","level":"info","service":"user-service"}
{"service":"user-service","level":"info","message":"Request served"}
{"service":"user-service","level":"info","message":"Request served"}
{"service":"user-service","level":"info","message":"Request served"}
{"message":"New user joined, id: tbohNn6FGGLvsdl4AAAB, nickname: mike","level":"info","service":"user-service"}
{"service":"user-service","level":"info","message":"Request served"}
{"service":"user-service","level":"info","message":"Request served"}
{"message":"User nickname: nick, with Id: qOoO6VhM71ZQy-VEAAAA disconnected ","level":"info","service":"user-service"}
{"service":"user-service","level":"info","message":"Request served"}
{"message":"User mike sent a message \"hi guys\" at 2020-10-6-8-9-4. Socket Id: tbohNn6FGGLvsdl4AAAB","level":"info","service":"user-service"}
{"service":"user-service","level":"info","message":"Request served"}
{"service":"user-service","level":"info","message":"Request served"}
{"message":"New user joined, id: kqEwxESP2VzAk07QAAAC, nickname: asdf","level":"info","service":"user-service"}
{"service":"user-service","level":"info","message":"Request served"}
{"service":"user-service","level":"info","message":"Request served"}
{"message":"User mike sent a message \"afsdfasd\" at 2020-10-6-8-9-32. Socket Id: tbohNn6FGGLvsdl4AAAB","level":"info","service":"user-service"}
{"message":"User mike sent a message \"asdf\" at 2020-10-6-8-9-32. Socket Id: tbohNn6FGGLvsdl4AAAB","level":"info","service":"user-service"}
{"message":"User nickname: asdf, with Id: kqEwxESP2VzAk07QAAAC disconnected ","level":"info","service":"user-service"}
{"service":"user-service","level":"info","message":"Request served"}
{"message":"User mike sent a message \"sadfas\" at 2020-10-6-8-9-33. Socket Id: tbohNn6FGGLvsdl4AAAB","level":"info","service":"user-service"}
{"message":"User mike sent a message \"dfa\" at 2020-10-6-8-9-33. Socket Id: tbohNn6FGGLvsdl4AAAB","level":"info","service":"user-service"}
{"message":"User mike sent a message \"sddf\" at 2020-10-6-8-9-33. Socket Id: tbohNn6FGGLvsdl4AAAB","level":"info","service":"user-service"}
{"message":"User mike sent a message \"asdf\" at 2020-10-6-8-9-33. Socket Id: tbohNn6FGGLvsdl4AAAB","level":"info","service":"user-service"}
{"message":"User mike sent a message \"asd\" at 2020-10-6-8-9-33. Socket Id: tbohNn6FGGLvsdl4AAAB","level":"info","service":"user-service"}
{"service":"user-service","level":"info","message":"Request served"}
{"service":"user-service","level":"info","message":"Request served"}
{"message":"New user joined, id: uEdkfQpIeO9KZ4ZBAAAD, nickname: asdfasdf","level":"info","service":"user-service"}
{"service":"user-service","level":"info","message":"Request served"}
{"service":"user-service","level":"info","message":"Request served"}
{"message":"User asdfasdf sent a message \"asdfasdfasd\" at 2020-10-6-8-9-43. Socket Id: uEdkfQpIeO9KZ4ZBAAAD","level":"info","service":"user-service"}
{"message":"User asdfasdf sent a message \"asdfasdf\" at 2020-10-6-8-9-45. Socket Id: uEdkfQpIeO9KZ4ZBAAAD","level":"info","service":"user-service"}
{"message":"User mike sent a message \"fasdf\" at 2020-10-6-8-9-47. Socket Id: tbohNn6FGGLvsdl4AAAB","level":"info","service":"user-service"}
{"message":"User nickname: mike, with Id: tbohNn6FGGLvsdl4AAAB disconnected ","level":"info","service":"user-service"}
{"service":"user-service","level":"info","message":"Request served"}
{"service":"user-service","level":"info","message":"Request served"}
{"service":"user-service","level":"info","message":"Request served"}
{"service":"user-service","level":"info","message":"Request served"}
{"message":"New user joined, id: MxH-CsrSOCJohAPaAAAE, nickname: asdfasdfw","level":"info","service":"user-service"}
{"service":"user-service","level":"info","message":"Request served"}
{"service":"user-service","level":"info","message":"Request served"}
{"message":"User asdfasdfw sent a message \"asdfasdfcasdc\" at 2020-10-6-8-9-55. Socket Id: MxH-CsrSOCJohAPaAAAE","level":"info","service":"user-service"}
{"message":"User asdfasdf sent a message \"afds\" at 2020-10-6-8-9-58. Socket Id: uEdkfQpIeO9KZ4ZBAAAD","level":"info","service":"user-service"}
{"message":"User asdfasdfw sent a message \"asdfasdfwasfd\" at 2020-10-6-8-10-30. Socket Id: MxH-CsrSOCJohAPaAAAE","level":"info","service":"user-service"}
{"message":"User asdfasdfw sent a message \"afsdf\" at 2020-10-6-8-10-30. Socket Id: MxH-CsrSOCJohAPaAAAE","level":"info","service":"user-service"}
{"message":"User asdfasdfw sent a message \"as\" at 2020-10-6-8-10-31. Socket Id: MxH-CsrSOCJohAPaAAAE","level":"info","service":"user-service"}
{"message":"User asdfasdfw sent a message \"a\" at 2020-10-6-8-10-31. Socket Id: MxH-CsrSOCJohAPaAAAE","level":"info","service":"user-service"}
{"message":"User asdfasdfw sent a message \"a\" at 2020-10-6-8-10-31. Socket Id: MxH-CsrSOCJohAPaAAAE","level":"info","service":"user-service"}
{"message":"User asdfasdfw sent a message \"a\" at 2020-10-6-8-10-31. Socket Id: MxH-CsrSOCJohAPaAAAE","level":"info","service":"user-service"}
{"message":"User asdfasdfw sent a message \"a\" at 2020-10-6-8-10-31. Socket Id: MxH-CsrSOCJohAPaAAAE","level":"info","service":"user-service"}
{"message":"User asdfasdfw sent a message \"a\" at 2020-10-6-8-10-32. Socket Id: MxH-CsrSOCJohAPaAAAE","level":"info","service":"user-service"}
{"message":"User asdfasdfw sent a message \"a\" at 2020-10-6-8-10-32. Socket Id: MxH-CsrSOCJohAPaAAAE","level":"info","service":"user-service"}
{"message":"User asdfasdfw sent a message \"a\" at 2020-10-6-8-10-32. Socket Id: MxH-CsrSOCJohAPaAAAE","level":"info","service":"user-service"}
{"message":"User asdfasdfw sent a message \"a\" at 2020-10-6-8-10-32. Socket Id: MxH-CsrSOCJohAPaAAAE","level":"info","service":"user-service"}
{"message":"User asdfasdfw sent a message \"asdf\" at 2020-10-6-8-10-32. Socket Id: MxH-CsrSOCJohAPaAAAE","level":"info","service":"user-service"}
{"message":"User asdfasdfw sent a message \"asdvc\" at 2020-10-6-8-10-33. Socket Id: MxH-CsrSOCJohAPaAAAE","level":"info","service":"user-service"}
{"message":"User asdfasdfw sent a message \" zxasd\" at 2020-10-6-8-10-33. Socket Id: MxH-CsrSOCJohAPaAAAE","level":"info","service":"user-service"}
{"message":"User asdfasdfw sent a message \"cas\" at 2020-10-6-8-10-33. Socket Id: MxH-CsrSOCJohAPaAAAE","level":"info","service":"user-service"}
{"message":"User asdfasdfw sent a message \"dfgw\" at 2020-10-6-8-10-33. Socket Id: MxH-CsrSOCJohAPaAAAE","level":"info","service":"user-service"}
{"message":"User asdfasdfw sent a message \"ea\" at 2020-10-6-8-10-33. Socket Id: MxH-CsrSOCJohAPaAAAE","level":"info","service":"user-service"}
{"message":"User asdfasdfw sent a message \"fvsd\" at 2020-10-6-8-10-34. Socket Id: MxH-CsrSOCJohAPaAAAE","level":"info","service":"user-service"}
{"message":"User asdfasdfw sent a message \"v\" at 2020-10-6-8-10-34. Socket Id: MxH-CsrSOCJohAPaAAAE","level":"info","service":"user-service"}
{"message":"User asdfasdfw sent a message \"dv\" at 2020-10-6-8-10-34. Socket Id: MxH-CsrSOCJohAPaAAAE","level":"info","service":"user-service"}
{"message":"User nickname: asdfasdfw, with Id: MxH-CsrSOCJohAPaAAAE disconnected ","level":"info","service":"user-service"}
{"message":"User nickname: asdfasdf, with Id: uEdkfQpIeO9KZ4ZBAAAD disconnected ","level":"info","service":"user-service"}
{"service":"user-service","level":"info","message":"Request served"}
{"service":"user-service","level":"info","message":"Request served"}
{"message":"New user joined, id: jehYGgKxeMr7y51RAAAA, nickname: adsf","level":"info","service":"user-service"}
{"service":"user-service","level":"info","message":"Request served"}
{"message":"User nickname: adsf, with Id: jehYGgKxeMr7y51RAAAA disconnected ","level":"info","service":"user-service"}
{"service":"user-service","level":"info","message":"Request served"}
{"service":"user-service","level":"info","message":"Request served"}
{"message":"New user joined, id: 7IKi5_lYP27LItHdAAAB, nickname: afsdfasdf","level":"info","service":"user-service"}
{"service":"user-service","level":"info","message":"Request served"}
{"service":"user-service","level":"info","message":"Request served"}
{"service":"user-service","level":"info","message":"Request served"}
{"message":"New user joined, id: Pu8ybiu9glVTXcTbAAAC, nickname: asdfasdf","level":"info","service":"user-service"}
{"service":"user-service","level":"info","message":"Request served"}
{"service":"user-service","level":"info","message":"Request served"}
{"message":"User nickname: afsdfasdf, with Id: 7IKi5_lYP27LItHdAAAB disconnected ","level":"info","service":"user-service"}
{"service":"user-service","level":"info","message":"Request served"}
{"message":"User nickname: asdfasdf, with Id: Pu8ybiu9glVTXcTbAAAC disconnected ","level":"info","service":"user-service"}
{"service":"user-service","level":"info","message":"Request served"}
{"service":"user-service","level":"info","message":"Request served"}
{"message":"New user joined, id: NBQiwF-dv996ZleTAAAD, nickname: asdfasd","level":"info","service":"user-service"}
{"service":"user-service","level":"info","message":"Request served"}
{"service":"user-service","level":"info","message":"Request served"}
{"service":"user-service","level":"info","message":"Request served"}
{"message":"New user joined, id: huRfjZbCoXdTMwJwAAAE, nickname: a","level":"info","service":"user-service"}
{"service":"user-service","level":"info","message":"Request served"}
{"service":"user-service","level":"info","message":"Request served"}
{"message":"User nickname: asdfasd, with Id: NBQiwF-dv996ZleTAAAD disconnected ","level":"info","service":"user-service"}
{"service":"user-service","level":"info","message":"Request served"}
{"message":"User nickname: a, with Id: huRfjZbCoXdTMwJwAAAE disconnected ","level":"info","service":"user-service"}
{"service":"user-service","level":"info","message":"Request served"}
{"service":"user-service","level":"info","message":"Request served"}
{"message":"New user joined, id: K4mghAeaoVpNoO0QAAAF, nickname: adf","level":"info","service":"user-service"}
{"service":"user-service","level":"info","message":"Request served"}
{"service":"user-service","level":"info","message":"Request served"}
{"service":"user-service","level":"info","message":"Request served"}
{"message":"New user joined, id: UZnIT6cO-YfZ0kT9AAAG, nickname: a","level":"info","service":"user-service"}
{"service":"user-service","level":"info","message":"Request served"}
{"service":"user-service","level":"info","message":"Request served"}
{"message":"User nickname: adf, with Id: K4mghAeaoVpNoO0QAAAF disconnected ","level":"info","service":"user-service"}
{"service":"user-service","level":"info","message":"Request served"}
{"message":"User nickname: a, with Id: UZnIT6cO-YfZ0kT9AAAG disconnected ","level":"info","service":"user-service"}
{"service":"user-service","level":"info","message":"Request served"}
{"service":"user-service","level":"info","message":"Request served"}
{"message":"New user joined, id: TFlwRYwanrb-tMHvAAAH, nickname: a","level":"info","service":"user-service"}
{"service":"user-service","level":"info","message":"Request served"}
{"service":"user-service","level":"info","message":"Request served"}
{"message":"User nickname: a, with Id: TFlwRYwanrb-tMHvAAAH disconnected ","level":"info","service":"user-service"}
{"service":"user-service","level":"info","message":"Request served"}
{"service":"user-service","level":"info","message":"Request served"}
{"message":"New user joined, id: c_pQIUWjMy7IHKH2AAAI, nickname: aw","level":"info","service":"user-service"}
{"service":"user-service","level":"info","message":"Request served"}
{"service":"user-service","level":"info","message":"Request served"}
{"service":"user-service","level":"info","message":"Request served"}
{"message":"New user joined, id: z2VJSwegnciURCRVAAAJ, nickname: w","level":"info","service":"user-service"}
{"service":"user-service","level":"info","message":"Request served"}
{"service":"user-service","level":"info","message":"Request served"}
{"message":"User nickname: aw, with Id: c_pQIUWjMy7IHKH2AAAI disconnected ","level":"info","service":"user-service"}
{"service":"user-service","level":"info","message":"Request served"}
{"service":"user-service","level":"info","message":"Request served"}
{"service":"user-service","level":"info","message":"Request served"}
{"message":"New user joined, id: C9nYjvkgWYaudpT0AAAK, nickname: awfac","level":"info","service":"user-service"}
{"service":"user-service","level":"info","message":"Request served"}
{"service":"user-service","level":"info","message":"Request served"}
{"message":"User nickname: w, with Id: z2VJSwegnciURCRVAAAJ disconnected ","level":"info","service":"user-service"}
{"service":"user-service","level":"info","message":"Request served"}
{"service":"user-service","level":"info","message":"Request served"}
{"service":"user-service","level":"info","message":"Request served"}
{"message":"New user joined, id: UTBUfZDBq0tzwbsjAAAL, nickname: cas","level":"info","service":"user-service"}
{"service":"user-service","level":"info","message":"Request served"}
{"service":"user-service","level":"info","message":"Request served"}
{"message":"User nickname: awfac, with Id: C9nYjvkgWYaudpT0AAAK disconnected ","level":"info","service":"user-service"}
{"service":"user-service","level":"info","message":"Request served"}
{"message":"User nickname: cas, with Id: UTBUfZDBq0tzwbsjAAAL disconnected ","level":"info","service":"user-service"}
{"service":"user-service","level":"info","message":"Request served"}
{"service":"user-service","level":"info","message":"Request served"}
{"message":"New user joined, id: GIDooDrNRAz4dceEAAAM, nickname: asdfsdfac","level":"info","service":"user-service"}
{"service":"user-service","level":"info","message":"Request served"}
{"message":"User asdfsdfac sent a message \"asdfasdf\" at 2020-10-6-8-21-58. Socket Id: GIDooDrNRAz4dceEAAAM","level":"info","service":"user-service"}
{"message":"User asdfsdfac sent a message \"asd\" at 2020-10-6-8-23-16. Socket Id: GIDooDrNRAz4dceEAAAM","level":"info","service":"user-service"}
{"message":"User nickname: asdfsdfac, with Id: GIDooDrNRAz4dceEAAAM disconnected ","level":"info","service":"user-service"}
{"service":"user-service","level":"info","message":"Request served"}
{"service":"user-service","level":"info","message":"Request served"}
{"message":"New user joined, id: o81PCwFwzOR54FsiAAAN, nickname: xasc","level":"info","service":"user-service"}
{"service":"user-service","level":"info","message":"Request served"}
{"message":"User nickname: xasc, with Id: o81PCwFwzOR54FsiAAAN disconnected ","level":"info","service":"user-service"}
{"message":"Shutting down on SIGINT","level":"info","service":"user-service"}
{"message":"Shutting down on exit","level":"info","service":"user-service"}
{"service":"user-service","level":"info","message":"Request served"}
{"service":"user-service","level":"info","message":"Request served"}
{"message":"New user joined, id: DGw0NyYOb-CjXZ59AAAA, nickname: adfadsf","level":"info","service":"user-service"}
{"service":"user-service","level":"info","message":"Request served"}
{"message":"User nickname: adfadsf, with Id: DGw0NyYOb-CjXZ59AAAA disconnected ","level":"info","service":"user-service"}
{"service":"user-service","level":"info","message":"Request served"}
{"service":"user-service","level":"info","message":"Request served"}
{"service":"user-service","level":"info","message":"Request served"}
{"message":"New user joined, id: _4e3sqO5lo1k9ctiAAAB, nickname: afsdfasd","level":"info","service":"user-service"}
{"service":"user-service","level":"info","message":"Request served"}
{"message":"User afsdfasd sent a message \"asdfasdf\" at 2020-10-6-8-24-59. Socket Id: _4e3sqO5lo1k9ctiAAAB","level":"info","service":"user-service"}
{"message":"User afsdfasd sent a message \"asdf\" at 2020-10-6-8-25-0. Socket Id: _4e3sqO5lo1k9ctiAAAB","level":"info","service":"user-service"}
{"message":"Shutting down on SIGINT","level":"info","service":"user-service"}
{"message":"User nickname: afsdfasd, with Id: _4e3sqO5lo1k9ctiAAAB disconnected ","level":"info","service":"user-service"}
{"message":"Shutting down on exit","level":"info","service":"user-service"}
{"service":"user-service","level":"info","message":"Request served"}
{"service":"user-service","level":"info","message":"Request served"}
{"message":"New user joined, id: pen8emwHqHr_IAiXAAAA, nickname: w","level":"info","service":"user-service"}
{"service":"user-service","level":"info","message":"Request served"}
{"message":"User nickname: w, with Id: pen8emwHqHr_IAiXAAAA disconnected ","level":"info","service":"user-service"}
{"service":"user-service","level":"info","message":"Request served"}
{"service":"user-service","level":"info","message":"Request served"}
{"message":"New user joined, id: vhNDeTI8PtAOYWJZAAAB, nickname: wa","level":"info","service":"user-service"}
{"service":"user-service","level":"info","message":"Request served"}
{"message":"User nickname: wa, with Id: vhNDeTI8PtAOYWJZAAAB disconnected ","level":"info","service":"user-service"}
{"service":"user-service","level":"info","message":"Request served"}
{"service":"user-service","level":"info","message":"Request served"}
{"message":"New user joined, id: sRNWTwWe_QXZjwWzAAAC, nickname: asda","level":"info","service":"user-service"}
{"service":"user-service","level":"info","message":"Request served"}
{"message":"User asda sent a message \"as\" at 2020-10-6-8-26-29. Socket Id: sRNWTwWe_QXZjwWzAAAC","level":"info","service":"user-service"}
{"message":"User asda sent a message \"as\" at 2020-10-6-8-26-29. Socket Id: sRNWTwWe_QXZjwWzAAAC","level":"info","service":"user-service"}
{"message":"User asda sent a message \"as\" at 2020-10-6-8-26-30. Socket Id: sRNWTwWe_QXZjwWzAAAC","level":"info","service":"user-service"}
{"message":"User asda sent a message \"a\" at 2020-10-6-8-26-30. Socket Id: sRNWTwWe_QXZjwWzAAAC","level":"info","service":"user-service"}
{"message":"User asda sent a message \"aa\" at 2020-10-6-8-26-30. Socket Id: sRNWTwWe_QXZjwWzAAAC","level":"info","service":"user-service"}
{"message":"User asda sent a message \"s\" at 2020-10-6-8-26-30. Socket Id: sRNWTwWe_QXZjwWzAAAC","level":"info","service":"user-service"}
{"message":"User asda sent a message \"asfc\" at 2020-10-6-8-26-30. Socket Id: sRNWTwWe_QXZjwWzAAAC","level":"info","service":"user-service"}
{"message":"User nickname: asda, with Id: sRNWTwWe_QXZjwWzAAAC disconnected ","level":"info","service":"user-service"}
{"service":"user-service","level":"info","message":"Request served"}
{"service":"user-service","level":"info","message":"Request served"}
{"message":"New user joined, id: aovwDOe09Rn-s_HEAAAD, nickname: asdaxc","level":"info","service":"user-service"}
{"service":"user-service","level":"info","message":"Request served"}
{"message":"User asdaxc sent a message \"asd\" at 2020-10-6-8-26-36. Socket Id: aovwDOe09Rn-s_HEAAAD","level":"info","service":"user-service"}
{"message":"User asdaxc sent a message \"asd\" at 2020-10-6-8-26-37. Socket Id: aovwDOe09Rn-s_HEAAAD","level":"info","service":"user-service"}
{"message":"User asdaxc sent a message \"ac\" at 2020-10-6-8-26-37. Socket Id: aovwDOe09Rn-s_HEAAAD","level":"info","service":"user-service"}
{"message":"User asdaxc sent a message \"asc\" at 2020-10-6-8-26-37. Socket Id: aovwDOe09Rn-s_HEAAAD","level":"info","service":"user-service"}
{"message":"User asdaxc sent a message \"asc\" at 2020-10-6-8-26-37. Socket Id: aovwDOe09Rn-s_HEAAAD","level":"info","service":"user-service"}
{"message":"User asdaxc sent a message \"as\" at 2020-10-6-8-26-38. Socket Id: aovwDOe09Rn-s_HEAAAD","level":"info","service":"user-service"}
{"message":"User asdaxc sent a message \"cs\" at 2020-10-6-8-26-38. Socket Id: aovwDOe09Rn-s_HEAAAD","level":"info","service":"user-service"}
{"message":"User asdaxc sent a message \"w\" at 2020-10-6-8-26-38. Socket Id: aovwDOe09Rn-s_HEAAAD","level":"info","service":"user-service"}
{"message":"User asdaxc sent a message \"a\" at 2020-10-6-8-26-38. Socket Id: aovwDOe09Rn-s_HEAAAD","level":"info","service":"user-service"}
{"message":"User asdaxc sent a message \"s\" at 2020-10-6-8-26-38. Socket Id: aovwDOe09Rn-s_HEAAAD","level":"info","service":"user-service"}
{"message":"User asdaxc sent a message \"a\" at 2020-10-6-8-26-38. Socket Id: aovwDOe09Rn-s_HEAAAD","level":"info","service":"user-service"}
{"message":"User asdaxc sent a message \"s\" at 2020-10-6-8-26-39. Socket Id: aovwDOe09Rn-s_HEAAAD","level":"info","service":"user-service"}
{"message":"User asdaxc sent a message \"asf\" at 2020-10-6-8-26-39. Socket Id: aovwDOe09Rn-s_HEAAAD","level":"info","service":"user-service"}
{"message":"User asdaxc sent a message \"as\" at 2020-10-6-8-26-39. Socket Id: aovwDOe09Rn-s_HEAAAD","level":"info","service":"user-service"}
{"message":"User asdaxc sent a message \"c\" at 2020-10-6-8-26-39. Socket Id: aovwDOe09Rn-s_HEAAAD","level":"info","service":"user-service"}
{"message":"User asdaxc sent a message \"asc\" at 2020-10-6-8-26-39. Socket Id: aovwDOe09Rn-s_HEAAAD","level":"info","service":"user-service"}
{"message":"User asdaxc sent a message \"a\" at 2020-10-6-8-26-40. Socket Id: aovwDOe09Rn-s_HEAAAD","level":"info","service":"user-service"}
{"message":"User asdaxc sent a message \"sc\" at 2020-10-6-8-26-40. Socket Id: aovwDOe09Rn-s_HEAAAD","level":"info","service":"user-service"}
{"message":"User asdaxc sent a message \"asc\" at 2020-10-6-8-26-40. Socket Id: aovwDOe09Rn-s_HEAAAD","level":"info","service":"user-service"}
{"message":"User asdaxc sent a message \"a\" at 2020-10-6-8-26-40. Socket Id: aovwDOe09Rn-s_HEAAAD","level":"info","service":"user-service"}
{"message":"User asdaxc sent a message \"c\" at 2020-10-6-8-26-40. Socket Id: aovwDOe09Rn-s_HEAAAD","level":"info","service":"user-service"}
{"message":"User asdaxc sent a message \"ac\" at 2020-10-6-8-26-40. Socket Id: aovwDOe09Rn-s_HEAAAD","level":"info","service":"user-service"}
{"message":"User asdaxc sent a message \"as\" at 2020-10-6-8-26-41. Socket Id: aovwDOe09Rn-s_HEAAAD","level":"info","service":"user-service"}
{"message":"User asdaxc sent a message \"c\" at 2020-10-6-8-26-41. Socket Id: aovwDOe09Rn-s_HEAAAD","level":"info","service":"user-service"}
{"message":"User asdaxc sent a message \"ac\" at 2020-10-6-8-26-41. Socket Id: aovwDOe09Rn-s_HEAAAD","level":"info","service":"user-service"}
{"message":"User asdaxc sent a message \"as\" at 2020-10-6-8-26-41. Socket Id: aovwDOe09Rn-s_HEAAAD","level":"info","service":"user-service"}
{"message":"User asdaxc sent a message \"ca\" at 2020-10-6-8-26-41. Socket Id: aovwDOe09Rn-s_HEAAAD","level":"info","service":"user-service"}
{"message":"User asdaxc sent a message \"sc\" at 2020-10-6-8-26-41. Socket Id: aovwDOe09Rn-s_HEAAAD","level":"info","service":"user-service"}
{"message":"User asdaxc sent a message \"as\" at 2020-10-6-8-26-42. Socket Id: aovwDOe09Rn-s_HEAAAD","level":"info","service":"user-service"}
{"message":"User asdaxc sent a message \"ca\" at 2020-10-6-8-26-42. Socket Id: aovwDOe09Rn-s_HEAAAD","level":"info","service":"user-service"}
{"message":"User asdaxc sent a message \"sc\" at 2020-10-6-8-26-42. Socket Id: aovwDOe09Rn-s_HEAAAD","level":"info","service":"user-service"}
{"message":"User asdaxc sent a message \"as\" at 2020-10-6-8-26-42. Socket Id: aovwDOe09Rn-s_HEAAAD","level":"info","service":"user-service"}
{"message":"User asdaxc sent a message \"c\" at 2020-10-6-8-26-42. Socket Id: aovwDOe09Rn-s_HEAAAD","level":"info","service":"user-service"}
{"message":"User asdaxc sent a message \"asc\" at 2020-10-6-8-26-42. Socket Id: aovwDOe09Rn-s_HEAAAD","level":"info","service":"user-service"}
{"message":"User asdaxc sent a message \"a\" at 2020-10-6-8-26-42. Socket Id: aovwDOe09Rn-s_HEAAAD","level":"info","service":"user-service"}
{"message":"User asdaxc sent a message \"sc\" at 2020-10-6-8-26-43. Socket Id: aovwDOe09Rn-s_HEAAAD","level":"info","service":"user-service"}
{"message":"User asdaxc sent a message \"a\" at 2020-10-6-8-26-43. Socket Id: aovwDOe09Rn-s_HEAAAD","level":"info","service":"user-service"}
{"message":"User asdaxc sent a message \"sc\" at 2020-10-6-8-26-43. Socket Id: aovwDOe09Rn-s_HEAAAD","level":"info","service":"user-service"}
{"message":"User asdaxc sent a message \"asc\" at 2020-10-6-8-26-43. Socket Id: aovwDOe09Rn-s_HEAAAD","level":"info","service":"user-service"}
{"message":"User nickname: asdaxc, with Id: aovwDOe09Rn-s_HEAAAD disconnected ","level":"info","service":"user-service"}
{"message":"Shutting down on SIGINT","level":"info","service":"user-service"}
{"message":"Shutting down on exit","level":"info","service":"user-service"}
{"service":"user-service","level":"info","message":"Request served"}
{"service":"user-service","level":"info","message":"Request served"}
{"message":"New user joined, id: 7mg2pExAqh7X0crUAAAA, nickname: sdas","level":"info","service":"user-service"}
{"service":"user-service","level":"info","message":"Request served"}
{"message":"User nickname: sdas, with Id: 7mg2pExAqh7X0crUAAAA disconnected ","level":"info","service":"user-service"}
{"service":"user-service","level":"info","message":"Request served"}
{"service":"user-service","level":"info","message":"Request served"}
{"message":"New user joined, id: L7odj_edZJ8vW-0iAAAB, nickname: czx","level":"info","service":"user-service"}
{"service":"user-service","level":"info","message":"Request served"}
{"message":"User czx sent a message \"xczc\" at 2020-10-6-8-35-15. Socket Id: L7odj_edZJ8vW-0iAAAB","level":"info","service":"user-service"}
{"message":"User czx sent a message \"zxc\" at 2020-10-6-8-35-15. Socket Id: L7odj_edZJ8vW-0iAAAB","level":"info","service":"user-service"}
{"message":"User czx sent a message \"zx\" at 2020-10-6-8-35-15. Socket Id: L7odj_edZJ8vW-0iAAAB","level":"info","service":"user-service"}
{"message":"User czx sent a message \"czx\" at 2020-10-6-8-35-15. Socket Id: L7odj_edZJ8vW-0iAAAB","level":"info","service":"user-service"}
{"message":"User czx sent a message \"c\" at 2020-10-6-8-35-15. Socket Id: L7odj_edZJ8vW-0iAAAB","level":"info","service":"user-service"}
{"message":"User czx sent a message \"zxc\" at 2020-10-6-8-35-16. Socket Id: L7odj_edZJ8vW-0iAAAB","level":"info","service":"user-service"}
{"message":"User nickname: czx, with Id: L7odj_edZJ8vW-0iAAAB disconnected ","level":"info","service":"user-service"}
{"service":"user-service","level":"info","message":"Request served"}
{"service":"user-service","level":"info","message":"Request served"}
{"message":"New user joined, id: XKDUEs14bwvPobqgAAAC, nickname: acsca","level":"info","service":"user-service"}
{"service":"user-service","level":"info","message":"Request served"}
{"message":"User acsca sent a message \"ascas\" at 2020-10-6-8-35-19. Socket Id: XKDUEs14bwvPobqgAAAC","level":"info","service":"user-service"}
{"message":"User acsca sent a message \"ca\" at 2020-10-6-8-35-19. Socket Id: XKDUEs14bwvPobqgAAAC","level":"info","service":"user-service"}
{"message":"User acsca sent a message \"sca\" at 2020-10-6-8-35-19. Socket Id: XKDUEs14bwvPobqgAAAC","level":"info","service":"user-service"}
{"message":"User acsca sent a message \"sc\" at 2020-10-6-8-35-20. Socket Id: XKDUEs14bwvPobqgAAAC","level":"info","service":"user-service"}
{"message":"User acsca sent a message \"ac\" at 2020-10-6-8-35-20. Socket Id: XKDUEs14bwvPobqgAAAC","level":"info","service":"user-service"}
{"message":"User acsca sent a message \"as\" at 2020-10-6-8-35-20. Socket Id: XKDUEs14bwvPobqgAAAC","level":"info","service":"user-service"}
{"message":"User nickname: acsca, with Id: XKDUEs14bwvPobqgAAAC disconnected ","level":"info","service":"user-service"}
{"message":"Shutting down on SIGINT","level":"info","service":"user-service"}
{"message":"Shutting down on exit","level":"info","service":"user-service"}
{"service":"user-service","level":"info","message":"Request served"}
{"service":"user-service","level":"info","message":"Request served"}
{"message":"New user joined, id: NEG8TkUmleZU6YdoAAAA, nickname: acs","level":"info","service":"user-service"}
{"service":"user-service","level":"info","message":"Request served"}
{"message":"User acs sent a message \"acs\" at 2020-10-6-8-36-24. Socket Id: NEG8TkUmleZU6YdoAAAA","level":"info","service":"user-service"}
{"message":"User acs sent a message \"cas\" at 2020-10-6-8-36-24. Socket Id: NEG8TkUmleZU6YdoAAAA","level":"info","service":"user-service"}
{"message":"User acs sent a message \"c\" at 2020-10-6-8-36-24. Socket Id: NEG8TkUmleZU6YdoAAAA","level":"info","service":"user-service"}
{"message":"User acs sent a message \"asc\" at 2020-10-6-8-36-24. Socket Id: NEG8TkUmleZU6YdoAAAA","level":"info","service":"user-service"}
{"message":"User acs sent a message \"asc\" at 2020-10-6-8-36-25. Socket Id: NEG8TkUmleZU6YdoAAAA","level":"info","service":"user-service"}
{"message":"User acs sent a message \"as\" at 2020-10-6-8-36-25. Socket Id: NEG8TkUmleZU6YdoAAAA","level":"info","service":"user-service"}
{"message":"User acs sent a message \"cac\" at 2020-10-6-8-36-25. Socket Id: NEG8TkUmleZU6YdoAAAA","level":"info","service":"user-service"}
{"message":"User acs sent a message \"as\" at 2020-10-6-8-36-25. Socket Id: NEG8TkUmleZU6YdoAAAA","level":"info","service":"user-service"}
{"message":"User acs sent a message \"ca\" at 2020-10-6-8-36-25. Socket Id: NEG8TkUmleZU6YdoAAAA","level":"info","service":"user-service"}
{"message":"User acs sent a message \"sc\" at 2020-10-6-8-36-25. Socket Id: NEG8TkUmleZU6YdoAAAA","level":"info","service":"user-service"}
{"message":"User acs sent a message \"asc\" at 2020-10-6-8-36-26. Socket Id: NEG8TkUmleZU6YdoAAAA","level":"info","service":"user-service"}
{"message":"User acs sent a message \"as\" at 2020-10-6-8-36-26. Socket Id: NEG8TkUmleZU6YdoAAAA","level":"info","service":"user-service"}
{"message":"User acs sent a message \"ca\" at 2020-10-6-8-36-26. Socket Id: NEG8TkUmleZU6YdoAAAA","level":"info","service":"user-service"}
{"message":"User acs sent a message \"sc\" at 2020-10-6-8-36-26. Socket Id: NEG8TkUmleZU6YdoAAAA","level":"info","service":"user-service"}
{"message":"User acs sent a message \"asc\" at 2020-10-6-8-36-26. Socket Id: NEG8TkUmleZU6YdoAAAA","level":"info","service":"user-service"}
{"message":"User acs sent a message \"as\" at 2020-10-6-8-36-26. Socket Id: NEG8TkUmleZU6YdoAAAA","level":"info","service":"user-service"}
{"message":"User acs sent a message \"ca\" at 2020-10-6-8-36-27. Socket Id: NEG8TkUmleZU6YdoAAAA","level":"info","service":"user-service"}
{"message":"User acs sent a message \"sc\" at 2020-10-6-8-36-27. Socket Id: NEG8TkUmleZU6YdoAAAA","level":"info","service":"user-service"}
{"message":"User acs sent a message \"as\" at 2020-10-6-8-36-27. Socket Id: NEG8TkUmleZU6YdoAAAA","level":"info","service":"user-service"}
{"message":"User acs sent a message \"ca\" at 2020-10-6-8-36-27. Socket Id: NEG8TkUmleZU6YdoAAAA","level":"info","service":"user-service"}
{"message":"User acs sent a message \"c\" at 2020-10-6-8-36-27. Socket Id: NEG8TkUmleZU6YdoAAAA","level":"info","service":"user-service"}
{"message":"User acs sent a message \"w\" at 2020-10-6-8-36-27. Socket Id: NEG8TkUmleZU6YdoAAAA","level":"info","service":"user-service"}
{"message":"User acs sent a message \"w\" at 2020-10-6-8-36-28. Socket Id: NEG8TkUmleZU6YdoAAAA","level":"info","service":"user-service"}
{"message":"User acs sent a message \"w\" at 2020-10-6-8-36-28. Socket Id: NEG8TkUmleZU6YdoAAAA","level":"info","service":"user-service"}
{"message":"User acs sent a message \"w\" at 2020-10-6-8-36-28. Socket Id: NEG8TkUmleZU6YdoAAAA","level":"info","service":"user-service"}
{"message":"User nickname: acs, with Id: NEG8TkUmleZU6YdoAAAA disconnected ","level":"info","service":"user-service"}
{"service":"user-service","level":"info","message":"Request served"}
{"service":"user-service","level":"info","message":"Request served"}
{"message":"New user joined, id: uX-gpRbCRgZYosZkAAAB, nickname: ;","level":"info","service":"user-service"}
{"service":"user-service","level":"info","message":"Request served"}
{"message":"User nickname: ;, with Id: uX-gpRbCRgZYosZkAAAB disconnected ","level":"info","service":"user-service"}
{"message":"Shutting down on SIGINT","level":"info","service":"user-service"}
{"message":"Shutting down on exit","level":"info","service":"user-service"}
{"message":"Shutting down on SIGINT","level":"info","service":"user-service"}
{"message":"Shutting down on exit","level":"info","service":"user-service"}
